<?xml version="1.0" encoding="UTF-8"?>
<!-- Generated by org.testng.reporters.JUnitReportReporter -->
<testsuite hostname="Asus" failures="0" tests="6" name="DataProviders.LearnDataprovider" time="0.024" errors="0" timestamp="2023-10-06T18:23:56 NPT" skipped="0">
  <testcase classname="DataProviders.LearnDataprovider" name="loginuser" time="0.001"/>
  <system-out/>
  <testcase classname="DataProviders.LearnDataprovider" name="registeruser" time="0.008"/>
  <system-out/>
  <testcase classname="DataProviders.LearnDataprovider" name="registeruser" time="0.001"/>
  <system-out/>
  <testcase classname="DataProviders.LearnDataprovider" name="loginuser" time="0.011"/>
  <system-out/>
  <testcase classname="DataProviders.LearnDataprovider" name="registeruser" time="0.002"/>
  <system-out/>
  <testcase classname="DataProviders.LearnDataprovider" name="loginuser" time="0.001"/>
  <system-out/>
</testsuite> <!-- DataProviders.LearnDataprovider -->
