<?xml version="1.0" encoding="UTF-8"?>
<!-- Generated by org.testng.reporters.JUnitReportReporter -->
<testsuite hostname="Asus" failures="0" tests="2" name="GroupingTestng.LearningGrouping" time="0.013" errors="0" timestamp="2023-10-06T18:43:14 NPT" skipped="0">
  <testcase classname="GroupingTestng.LearningGrouping" name="feature2" time="0.012"/>
  <system-out/>
  <testcase classname="GroupingTestng.LearningGrouping" name="feature3" time="0.001"/>
  <system-out/>
</testsuite> <!-- GroupingTestng.LearningGrouping -->
