<?xml version="1.0" encoding="UTF-8"?>
<!-- Generated by org.testng.reporters.JUnitReportReporter -->
<testsuite hostname="Asus" failures="0" tests="2" name="Testngpractice.testngannotation" time="0.000" errors="0" timestamp="2023-10-05T00:29:36 NPT" skipped="0">
  <testcase classname="Testngpractice.testngannotation" name="firstest" time="0.000"/>
  <system-out/>
  <testcase classname="Testngpractice.testngannotation" name="secondtest" time="0.000"/>
  <system-out/>
</testsuite> <!-- Testngpractice.testngannotation -->
