<?xml version="1.0" encoding="UTF-8"?>
<!-- Generated by org.testng.reporters.JUnitReportReporter -->
<testsuite hostname="Asus" failures="0" tests="1" name="Testngpractice.PaymentTest" time="0.047" errors="0" timestamp="2023-10-05T00:29:36 NPT" skipped="0">
  <testcase classname="Testngpractice.PaymentTest" name="paymenttest" time="0.047"/>
  <system-out/>
</testsuite> <!-- Testngpractice.PaymentTest -->
